[23.242s] DEBUG:colcon:Command line arguments: ['/home/pi/.local/bin/colcon', 'build']
[23.246s] DEBUG:colcon:Parsed command line arguments: Namespace(ament_cmake_args=None, base_paths=['.'], build_base='build', catkin_cmake_args=None, catkin_skip_building_tests=False, cmake_args=None, cmake_clean_cache=False, cmake_clean_first=False, cmake_force_configure=False, cmake_target=None, cmake_target_skip_unavailable=False, continue_on_error=False, event_handlers=None, executor='sequential', install_base='install', log_base=None, log_level=None, main=<bound method BuildVerb.main of <colcon_core.verb.build.BuildVerb object at 0xb5d2adb0>>, merge_install=False, paths=None, symlink_install=False, test_result_base=None, verb_extension=<colcon_core.verb.build.BuildVerb object at 0xb5d2adb0>, verb_name='build', verb_parser=CustomArgumentParser(prog='colcon build', usage=None, description='Build a set of packages.', formatter_class=<class 'colcon_core.command.CustomFormatter'>, conflict_handler='error', add_help=True))
[25.791s] Level 1:colcon.colcon_core.package_discovery:discover_packages(recursive) check parameters
[25.794s] Level 1:colcon.colcon_core.package_discovery:discover_packages(path) check parameters
[25.797s] Level 1:colcon.colcon_core.package_discovery:discover_packages(recursive) discover
[25.802s] INFO:colcon.colcon_core.package_discovery:Crawling recursively for packages in '/home/pi/mpu6050ws'
[25.807s] Level 1:colcon.colcon_core.package_identification:_identify(.) by extensions ['ignore', 'ignore_ament_install']
[25.813s] Level 1:colcon.colcon_core.package_identification:_identify(.) by extension 'ignore'
[25.817s] Level 1:colcon.colcon_core.package_identification:_identify(.) by extension 'ignore_ament_install'
[25.822s] Level 1:colcon.colcon_core.package_identification:_identify(.) by extensions ['ros']
[25.825s] Level 1:colcon.colcon_core.package_identification:_identify(.) by extension 'ros'
[27.125s] Level 1:colcon.colcon_core.package_identification:_identify(.) by extensions ['cmake', 'python']
[27.127s] Level 1:colcon.colcon_core.package_identification:_identify(.) by extension 'cmake'
[27.130s] Level 1:colcon.colcon_core.package_identification:_identify(.) by extension 'python'
[27.133s] Level 1:colcon.colcon_core.package_identification:_identify(.) by extensions ['python_setup_py']
[27.135s] Level 1:colcon.colcon_core.package_identification:_identify(.) by extension 'python_setup_py'
[27.141s] Level 1:colcon.colcon_core.package_identification:_identify(build) by extensions ['ignore', 'ignore_ament_install']
[27.146s] Level 1:colcon.colcon_core.package_identification:_identify(build) by extension 'ignore'
[27.148s] Level 1:colcon.colcon_core.package_identification:_identify(build) ignored
[27.153s] Level 1:colcon.colcon_core.package_identification:_identify(install) by extensions ['ignore', 'ignore_ament_install']
[27.158s] Level 1:colcon.colcon_core.package_identification:_identify(install) by extension 'ignore'
[27.161s] Level 1:colcon.colcon_core.package_identification:_identify(install) ignored
[27.166s] Level 1:colcon.colcon_core.package_identification:_identify(log) by extensions ['ignore', 'ignore_ament_install']
[27.171s] Level 1:colcon.colcon_core.package_identification:_identify(log) by extension 'ignore'
[27.174s] Level 1:colcon.colcon_core.package_identification:_identify(log) ignored
[27.178s] Level 1:colcon.colcon_core.package_identification:_identify(src) by extensions ['ignore', 'ignore_ament_install']
[27.183s] Level 1:colcon.colcon_core.package_identification:_identify(src) by extension 'ignore'
[27.186s] Level 1:colcon.colcon_core.package_identification:_identify(src) by extension 'ignore_ament_install'
[27.190s] Level 1:colcon.colcon_core.package_identification:_identify(src) by extensions ['ros']
[27.192s] Level 1:colcon.colcon_core.package_identification:_identify(src) by extension 'ros'
[27.197s] Level 1:colcon.colcon_core.package_identification:_identify(src) by extensions ['cmake', 'python']
[27.199s] Level 1:colcon.colcon_core.package_identification:_identify(src) by extension 'cmake'
[27.202s] Level 1:colcon.colcon_core.package_identification:_identify(src) by extension 'python'
[27.205s] Level 1:colcon.colcon_core.package_identification:_identify(src) by extensions ['python_setup_py']
[27.208s] Level 1:colcon.colcon_core.package_identification:_identify(src) by extension 'python_setup_py'
[27.211s] Level 1:colcon.colcon_core.package_discovery:discover_packages(recursive) using defaults
[27.214s] Level 1:colcon.colcon_core.package_discovery:discover_packages(path) discover
[27.216s] Level 1:colcon.colcon_core.package_discovery:discover_packages(path) using defaults
[29.399s] INFO:colcon.colcon_core.executor:Executing jobs using 'sequential' executor
[29.951s] DEBUG:colcon.colcon_core.executor.sequential:closing loop
[29.955s] DEBUG:colcon.colcon_core.executor.sequential:loop closed
[29.958s] DEBUG:colcon.colcon_core.event_reactor:joining thread
[29.963s] DEBUG:colcon.colcon_core.event_reactor:joined thread
[30.408s] INFO:colcon.colcon_core.plugin_system:Skipping extension 'colcon_core.shell.bat': Not used on non-Windows systems
[30.419s] INFO:colcon.colcon_core.shell:Creating prefix script '/home/pi/mpu6050ws/install/local_setup.sh'
[30.462s] INFO:colcon.colcon_core.shell:Creating prefix util module '/home/pi/mpu6050ws/install/_local_setup_util_sh.py'
[30.565s] INFO:colcon.colcon_core.shell:Creating prefix chain script '/home/pi/mpu6050ws/install/setup.sh'
