[20.476s] DEBUG:colcon:Command line arguments: ['/home/pi/.local/bin/colcon', 'build']
[20.481s] DEBUG:colcon:Parsed command line arguments: Namespace(ament_cmake_args=None, base_paths=['.'], build_base='build', catkin_cmake_args=None, catkin_skip_building_tests=False, cmake_args=None, cmake_clean_cache=False, cmake_clean_first=False, cmake_force_configure=False, cmake_target=None, cmake_target_skip_unavailable=False, continue_on_error=False, event_handlers=None, executor='sequential', install_base='install', log_base=None, log_level=None, main=<bound method BuildVerb.main of <colcon_core.verb.build.BuildVerb object at 0xb5d00e30>>, merge_install=False, paths=None, symlink_install=False, test_result_base=None, verb_extension=<colcon_core.verb.build.BuildVerb object at 0xb5d00e30>, verb_name='build', verb_parser=CustomArgumentParser(prog='colcon build', usage=None, description='Build a set of packages.', formatter_class=<class 'colcon_core.command.CustomFormatter'>, conflict_handler='error', add_help=True))
[22.631s] Level 1:colcon.colcon_core.package_discovery:discover_packages(recursive) check parameters
[22.634s] Level 1:colcon.colcon_core.package_discovery:discover_packages(path) check parameters
[22.636s] Level 1:colcon.colcon_core.package_discovery:discover_packages(recursive) discover
[22.641s] INFO:colcon.colcon_core.package_discovery:Crawling recursively for packages in '/home/pi/mpu6050ws'
[22.646s] Level 1:colcon.colcon_core.package_identification:_identify(.) by extensions ['ignore', 'ignore_ament_install']
[22.654s] Level 1:colcon.colcon_core.package_identification:_identify(.) by extension 'ignore'
[22.658s] Level 1:colcon.colcon_core.package_identification:_identify(.) by extension 'ignore_ament_install'
[22.663s] Level 1:colcon.colcon_core.package_identification:_identify(.) by extensions ['ros']
[22.665s] Level 1:colcon.colcon_core.package_identification:_identify(.) by extension 'ros'
[23.860s] Level 1:colcon.colcon_core.package_identification:_identify(.) by extensions ['cmake', 'python']
[23.863s] Level 1:colcon.colcon_core.package_identification:_identify(.) by extension 'cmake'
[23.866s] Level 1:colcon.colcon_core.package_identification:_identify(.) by extension 'python'
[23.868s] Level 1:colcon.colcon_core.package_identification:_identify(.) by extensions ['python_setup_py']
[23.871s] Level 1:colcon.colcon_core.package_identification:_identify(.) by extension 'python_setup_py'
[23.876s] Level 1:colcon.colcon_core.package_identification:_identify(build) by extensions ['ignore', 'ignore_ament_install']
[23.881s] Level 1:colcon.colcon_core.package_identification:_identify(build) by extension 'ignore'
[23.885s] Level 1:colcon.colcon_core.package_identification:_identify(build) ignored
[23.890s] Level 1:colcon.colcon_core.package_identification:_identify(install) by extensions ['ignore', 'ignore_ament_install']
[23.895s] Level 1:colcon.colcon_core.package_identification:_identify(install) by extension 'ignore'
[23.897s] Level 1:colcon.colcon_core.package_identification:_identify(install) ignored
[23.902s] Level 1:colcon.colcon_core.package_identification:_identify(log) by extensions ['ignore', 'ignore_ament_install']
[23.907s] Level 1:colcon.colcon_core.package_identification:_identify(log) by extension 'ignore'
[23.909s] Level 1:colcon.colcon_core.package_identification:_identify(log) ignored
[23.913s] Level 1:colcon.colcon_core.package_identification:_identify(src) by extensions ['ignore', 'ignore_ament_install']
[23.918s] Level 1:colcon.colcon_core.package_identification:_identify(src) by extension 'ignore'
[23.921s] Level 1:colcon.colcon_core.package_identification:_identify(src) by extension 'ignore_ament_install'
[23.925s] Level 1:colcon.colcon_core.package_identification:_identify(src) by extensions ['ros']
[23.927s] Level 1:colcon.colcon_core.package_identification:_identify(src) by extension 'ros'
[23.932s] Level 1:colcon.colcon_core.package_identification:_identify(src) by extensions ['cmake', 'python']
[23.934s] Level 1:colcon.colcon_core.package_identification:_identify(src) by extension 'cmake'
[23.937s] Level 1:colcon.colcon_core.package_identification:_identify(src) by extension 'python'
[23.940s] Level 1:colcon.colcon_core.package_identification:_identify(src) by extensions ['python_setup_py']
[23.942s] Level 1:colcon.colcon_core.package_identification:_identify(src) by extension 'python_setup_py'
[23.948s] Level 1:colcon.colcon_core.package_identification:_identify(src/mpu) by extensions ['ignore', 'ignore_ament_install']
[23.952s] Level 1:colcon.colcon_core.package_identification:_identify(src/mpu) by extension 'ignore'
[23.955s] Level 1:colcon.colcon_core.package_identification:_identify(src/mpu) by extension 'ignore_ament_install'
[23.959s] Level 1:colcon.colcon_core.package_identification:_identify(src/mpu) by extensions ['ros']
[23.961s] Level 1:colcon.colcon_core.package_identification:_identify(src/mpu) by extension 'ros'
[24.103s] DEBUG:colcon.colcon_core.package_identification:Package 'src/mpu' with type 'ros.ament_cmake' and name 'mpu'
[24.105s] Level 1:colcon.colcon_core.package_discovery:discover_packages(recursive) using defaults
[24.108s] Level 1:colcon.colcon_core.package_discovery:discover_packages(path) discover
[24.110s] Level 1:colcon.colcon_core.package_discovery:discover_packages(path) using defaults
[26.920s] Level 5:colcon.colcon_core.verb:set package 'mpu' build argument 'cmake_args' from command line to 'None'
[26.923s] Level 5:colcon.colcon_core.verb:set package 'mpu' build argument 'cmake_target' from command line to 'None'
[26.926s] Level 5:colcon.colcon_core.verb:set package 'mpu' build argument 'cmake_target_skip_unavailable' from command line to 'False'
[26.928s] Level 5:colcon.colcon_core.verb:set package 'mpu' build argument 'cmake_clean_cache' from command line to 'False'
[26.931s] Level 5:colcon.colcon_core.verb:set package 'mpu' build argument 'cmake_clean_first' from command line to 'False'
[26.933s] Level 5:colcon.colcon_core.verb:set package 'mpu' build argument 'cmake_force_configure' from command line to 'False'
[26.936s] Level 5:colcon.colcon_core.verb:set package 'mpu' build argument 'ament_cmake_args' from command line to 'None'
[26.939s] Level 5:colcon.colcon_core.verb:set package 'mpu' build argument 'catkin_cmake_args' from command line to 'None'
[26.941s] Level 5:colcon.colcon_core.verb:set package 'mpu' build argument 'catkin_skip_building_tests' from command line to 'False'
[26.945s] DEBUG:colcon.colcon_core.verb:Building package 'mpu' with the following arguments: {'ament_cmake_args': None, 'build_base': '/home/pi/mpu6050ws/build/mpu', 'catkin_cmake_args': None, 'catkin_skip_building_tests': False, 'cmake_args': None, 'cmake_clean_cache': False, 'cmake_clean_first': False, 'cmake_force_configure': False, 'cmake_target': None, 'cmake_target_skip_unavailable': False, 'install_base': '/home/pi/mpu6050ws/install/mpu', 'merge_install': False, 'path': '/home/pi/mpu6050ws/src/mpu', 'symlink_install': False, 'test_result_base': None}
[27.086s] INFO:colcon.colcon_core.executor:Executing jobs using 'sequential' executor
[27.580s] DEBUG:colcon.colcon_core.executor.sequential:run_until_complete 'mpu'
[27.585s] INFO:colcon.colcon_ros.task.ament_cmake.build:Building ROS package in '/home/pi/mpu6050ws/src/mpu' with build type 'ament_cmake'
[27.593s] INFO:colcon.colcon_cmake.task.cmake.build:Building CMake package in '/home/pi/mpu6050ws/src/mpu'
[27.926s] INFO:colcon.colcon_core.plugin_system:Skipping extension 'colcon_core.shell.bat': Not used on non-Windows systems
[27.934s] DEBUG:colcon.colcon_core.shell:Skip shell extension 'dsv' for command environment
[29.681s] DEBUG:colcon.colcon_core.event_handler.log_command:Invoking command in '/home/pi/mpu6050ws/build/mpu': /usr/bin/cmake /home/pi/mpu6050ws/src/mpu -DCMAKE_INSTALL_PREFIX=/home/pi/mpu6050ws/install/mpu
[118.363s] DEBUG:colcon.colcon_core.event_handler.log_command:Invoked command in '/home/pi/mpu6050ws/build/mpu' returned '0': /usr/bin/cmake /home/pi/mpu6050ws/src/mpu -DCMAKE_INSTALL_PREFIX=/home/pi/mpu6050ws/install/mpu
[118.414s] DEBUG:colcon.colcon_core.event_handler.log_command:Invoking command in '/home/pi/mpu6050ws/build/mpu': /usr/bin/cmake --build /home/pi/mpu6050ws/build/mpu -- -j1 -l1
[472.999s] DEBUG:colcon.colcon_core.event_handler.log_command:Invoked command in '/home/pi/mpu6050ws/build/mpu' returned '0': /usr/bin/cmake --build /home/pi/mpu6050ws/build/mpu -- -j1 -l1
[475.034s] DEBUG:colcon.colcon_core.event_handler.log_command:Invoking command in '/home/pi/mpu6050ws/build/mpu': /usr/bin/cmake --install /home/pi/mpu6050ws/build/mpu
[476.139s] DEBUG:colcon.colcon_core.event_handler.log_command:Invoked command in '/home/pi/mpu6050ws/build/mpu' returned '0': /usr/bin/cmake --install /home/pi/mpu6050ws/build/mpu
[476.293s] Level 1:colcon.colcon_core.environment:create_environment_scripts_only(mpu)
[478.298s] Level 1:colcon.colcon_core.environment:checking '/home/pi/mpu6050ws/install/mpu' for CMake module files
[478.357s] Level 1:colcon.colcon_core.environment:checking '/home/pi/mpu6050ws/install/mpu' for CMake config files
[478.377s] Level 1:colcon.colcon_core.shell:create_environment_hook('mpu', 'cmake_prefix_path')
[478.701s] INFO:colcon.colcon_core.shell:Creating environment descriptor '/home/pi/mpu6050ws/install/mpu/share/mpu/hook/cmake_prefix_path.dsv'
[478.944s] INFO:colcon.colcon_core.shell:Creating environment hook '/home/pi/mpu6050ws/install/mpu/share/mpu/hook/cmake_prefix_path.sh'
[479.051s] Level 1:colcon.colcon_core.environment:checking '/home/pi/mpu6050ws/install/mpu/lib'
[479.067s] Level 1:colcon.colcon_core.environment:checking '/home/pi/mpu6050ws/install/mpu/bin'
[479.073s] Level 1:colcon.colcon_core.environment:checking '/home/pi/mpu6050ws/install/mpu/lib/pkgconfig/mpu.pc'
[479.240s] Level 1:colcon.colcon_core.environment:checking '/home/pi/mpu6050ws/install/mpu/lib/python3.7/site-packages'
[479.251s] Level 1:colcon.colcon_core.environment:checking '/home/pi/mpu6050ws/install/mpu/bin'
[479.675s] INFO:colcon.colcon_core.shell:Creating package descriptor '/home/pi/mpu6050ws/install/mpu/share/mpu/package.dsv'
[479.734s] INFO:colcon.colcon_core.shell:Creating package script '/home/pi/mpu6050ws/install/mpu/share/mpu/package.sh'
[479.817s] Level 1:colcon.colcon_core.environment:create_file_with_runtime_dependencies(/home/pi/mpu6050ws/install/mpu/share/colcon-core/packages/mpu)
[481.017s] Level 1:colcon.colcon_core.environment:create_environment_scripts_only(mpu)
[482.039s] Level 1:colcon.colcon_core.environment:checking '/home/pi/mpu6050ws/install/mpu' for CMake module files
[482.075s] Level 1:colcon.colcon_core.environment:checking '/home/pi/mpu6050ws/install/mpu' for CMake config files
[482.088s] Level 1:colcon.colcon_core.shell:create_environment_hook('mpu', 'cmake_prefix_path')
[482.405s] INFO:colcon.colcon_core.shell:Creating environment descriptor '/home/pi/mpu6050ws/install/mpu/share/mpu/hook/cmake_prefix_path.dsv'
[482.420s] INFO:colcon.colcon_core.shell:Creating environment hook '/home/pi/mpu6050ws/install/mpu/share/mpu/hook/cmake_prefix_path.sh'
[482.440s] Level 1:colcon.colcon_core.environment:checking '/home/pi/mpu6050ws/install/mpu/lib'
[482.443s] Level 1:colcon.colcon_core.environment:checking '/home/pi/mpu6050ws/install/mpu/bin'
[482.447s] Level 1:colcon.colcon_core.environment:checking '/home/pi/mpu6050ws/install/mpu/lib/pkgconfig/mpu.pc'
[482.456s] Level 1:colcon.colcon_core.environment:checking '/home/pi/mpu6050ws/install/mpu/lib/python3.7/site-packages'
[482.465s] Level 1:colcon.colcon_core.environment:checking '/home/pi/mpu6050ws/install/mpu/bin'
[482.778s] INFO:colcon.colcon_core.shell:Creating package descriptor '/home/pi/mpu6050ws/install/mpu/share/mpu/package.dsv'
[482.797s] INFO:colcon.colcon_core.shell:Creating package script '/home/pi/mpu6050ws/install/mpu/share/mpu/package.sh'
[482.836s] Level 1:colcon.colcon_core.environment:create_file_with_runtime_dependencies(/home/pi/mpu6050ws/install/mpu/share/colcon-core/packages/mpu)
[482.884s] DEBUG:colcon.colcon_core.executor.sequential:run_until_complete 'mpu' finished with '0'
[482.895s] DEBUG:colcon.colcon_core.executor.sequential:closing loop
[482.972s] DEBUG:colcon.colcon_core.executor.sequential:loop closed
[482.996s] DEBUG:colcon.colcon_core.event_reactor:joining thread
[483.020s] DEBUG:colcon.colcon_core.event_reactor:joined thread
[483.457s] INFO:colcon.colcon_core.shell:Creating prefix script '/home/pi/mpu6050ws/install/local_setup.sh'
[483.508s] INFO:colcon.colcon_core.shell:Creating prefix util module '/home/pi/mpu6050ws/install/_local_setup_util_sh.py'
[483.640s] INFO:colcon.colcon_core.shell:Creating prefix chain script '/home/pi/mpu6050ws/install/setup.sh'
