[24.517s] DEBUG:colcon:Command line arguments: ['/home/pi/.local/bin/colcon', 'build']
[24.520s] DEBUG:colcon:Parsed command line arguments: Namespace(ament_cmake_args=None, base_paths=['.'], build_base='build', catkin_cmake_args=None, catkin_skip_building_tests=False, cmake_args=None, cmake_clean_cache=False, cmake_clean_first=False, cmake_force_configure=False, cmake_target=None, cmake_target_skip_unavailable=False, continue_on_error=False, event_handlers=None, executor='sequential', install_base='install', log_base=None, log_level=None, main=<bound method BuildVerb.main of <colcon_core.verb.build.BuildVerb object at 0xb5cb3270>>, merge_install=False, paths=None, symlink_install=False, test_result_base=None, verb_extension=<colcon_core.verb.build.BuildVerb object at 0xb5cb3270>, verb_name='build', verb_parser=CustomArgumentParser(prog='colcon build', usage=None, description='Build a set of packages.', formatter_class=<class 'colcon_core.command.CustomFormatter'>, conflict_handler='error', add_help=True))
[27.103s] Level 1:colcon.colcon_core.package_discovery:discover_packages(recursive) check parameters
[27.106s] Level 1:colcon.colcon_core.package_discovery:discover_packages(path) check parameters
[27.108s] Level 1:colcon.colcon_core.package_discovery:discover_packages(recursive) discover
[27.114s] INFO:colcon.colcon_core.package_discovery:Crawling recursively for packages in '/home/pi/mpu6050ws'
[27.119s] Level 1:colcon.colcon_core.package_identification:_identify(.) by extensions ['ignore', 'ignore_ament_install']
[27.126s] Level 1:colcon.colcon_core.package_identification:_identify(.) by extension 'ignore'
[27.130s] Level 1:colcon.colcon_core.package_identification:_identify(.) by extension 'ignore_ament_install'
[27.136s] Level 1:colcon.colcon_core.package_identification:_identify(.) by extensions ['ros']
[27.139s] Level 1:colcon.colcon_core.package_identification:_identify(.) by extension 'ros'
[28.467s] Level 1:colcon.colcon_core.package_identification:_identify(.) by extensions ['cmake', 'python']
[28.470s] Level 1:colcon.colcon_core.package_identification:_identify(.) by extension 'cmake'
[28.473s] Level 1:colcon.colcon_core.package_identification:_identify(.) by extension 'python'
[28.476s] Level 1:colcon.colcon_core.package_identification:_identify(.) by extensions ['python_setup_py']
[28.478s] Level 1:colcon.colcon_core.package_identification:_identify(.) by extension 'python_setup_py'
[28.484s] Level 1:colcon.colcon_core.package_identification:_identify(build) by extensions ['ignore', 'ignore_ament_install']
[28.489s] Level 1:colcon.colcon_core.package_identification:_identify(build) by extension 'ignore'
[28.491s] Level 1:colcon.colcon_core.package_identification:_identify(build) ignored
[28.498s] Level 1:colcon.colcon_core.package_identification:_identify(install) by extensions ['ignore', 'ignore_ament_install']
[28.503s] Level 1:colcon.colcon_core.package_identification:_identify(install) by extension 'ignore'
[28.506s] Level 1:colcon.colcon_core.package_identification:_identify(install) ignored
[28.512s] Level 1:colcon.colcon_core.package_identification:_identify(log) by extensions ['ignore', 'ignore_ament_install']
[28.516s] Level 1:colcon.colcon_core.package_identification:_identify(log) by extension 'ignore'
[28.520s] Level 1:colcon.colcon_core.package_identification:_identify(log) ignored
[28.524s] Level 1:colcon.colcon_core.package_identification:_identify(src) by extensions ['ignore', 'ignore_ament_install']
[28.529s] Level 1:colcon.colcon_core.package_identification:_identify(src) by extension 'ignore'
[28.532s] Level 1:colcon.colcon_core.package_identification:_identify(src) by extension 'ignore_ament_install'
[28.536s] Level 1:colcon.colcon_core.package_identification:_identify(src) by extensions ['ros']
[28.538s] Level 1:colcon.colcon_core.package_identification:_identify(src) by extension 'ros'
[28.544s] Level 1:colcon.colcon_core.package_identification:_identify(src) by extensions ['cmake', 'python']
[28.547s] Level 1:colcon.colcon_core.package_identification:_identify(src) by extension 'cmake'
[28.551s] Level 1:colcon.colcon_core.package_identification:_identify(src) by extension 'python'
[28.554s] Level 1:colcon.colcon_core.package_identification:_identify(src) by extensions ['python_setup_py']
[28.556s] Level 1:colcon.colcon_core.package_identification:_identify(src) by extension 'python_setup_py'
[28.562s] Level 1:colcon.colcon_core.package_identification:_identify(src/mpu) by extensions ['ignore', 'ignore_ament_install']
[28.567s] Level 1:colcon.colcon_core.package_identification:_identify(src/mpu) by extension 'ignore'
[28.571s] Level 1:colcon.colcon_core.package_identification:_identify(src/mpu) by extension 'ignore_ament_install'
[28.574s] Level 1:colcon.colcon_core.package_identification:_identify(src/mpu) by extensions ['ros']
[28.577s] Level 1:colcon.colcon_core.package_identification:_identify(src/mpu) by extension 'ros'
[28.717s] DEBUG:colcon.colcon_core.package_identification:Package 'src/mpu' with type 'ros.ament_cmake' and name 'mpu'
[28.719s] Level 1:colcon.colcon_core.package_discovery:discover_packages(recursive) using defaults
[28.722s] Level 1:colcon.colcon_core.package_discovery:discover_packages(path) discover
[28.725s] Level 1:colcon.colcon_core.package_discovery:discover_packages(path) using defaults
[31.950s] Level 5:colcon.colcon_core.verb:set package 'mpu' build argument 'cmake_args' from command line to 'None'
[31.953s] Level 5:colcon.colcon_core.verb:set package 'mpu' build argument 'cmake_target' from command line to 'None'
[31.955s] Level 5:colcon.colcon_core.verb:set package 'mpu' build argument 'cmake_target_skip_unavailable' from command line to 'False'
[31.957s] Level 5:colcon.colcon_core.verb:set package 'mpu' build argument 'cmake_clean_cache' from command line to 'False'
[31.959s] Level 5:colcon.colcon_core.verb:set package 'mpu' build argument 'cmake_clean_first' from command line to 'False'
[31.961s] Level 5:colcon.colcon_core.verb:set package 'mpu' build argument 'cmake_force_configure' from command line to 'False'
[31.963s] Level 5:colcon.colcon_core.verb:set package 'mpu' build argument 'ament_cmake_args' from command line to 'None'
[31.965s] Level 5:colcon.colcon_core.verb:set package 'mpu' build argument 'catkin_cmake_args' from command line to 'None'
[31.967s] Level 5:colcon.colcon_core.verb:set package 'mpu' build argument 'catkin_skip_building_tests' from command line to 'False'
[31.970s] DEBUG:colcon.colcon_core.verb:Building package 'mpu' with the following arguments: {'ament_cmake_args': None, 'build_base': '/home/pi/mpu6050ws/build/mpu', 'catkin_cmake_args': None, 'catkin_skip_building_tests': False, 'cmake_args': None, 'cmake_clean_cache': False, 'cmake_clean_first': False, 'cmake_force_configure': False, 'cmake_target': None, 'cmake_target_skip_unavailable': False, 'install_base': '/home/pi/mpu6050ws/install/mpu', 'merge_install': False, 'path': '/home/pi/mpu6050ws/src/mpu', 'symlink_install': False, 'test_result_base': None}
[32.084s] INFO:colcon.colcon_core.executor:Executing jobs using 'sequential' executor
[32.559s] DEBUG:colcon.colcon_core.executor.sequential:run_until_complete 'mpu'
[32.564s] INFO:colcon.colcon_ros.task.ament_cmake.build:Building ROS package in '/home/pi/mpu6050ws/src/mpu' with build type 'ament_cmake'
[32.573s] INFO:colcon.colcon_cmake.task.cmake.build:Building CMake package in '/home/pi/mpu6050ws/src/mpu'
[32.931s] INFO:colcon.colcon_core.plugin_system:Skipping extension 'colcon_core.shell.bat': Not used on non-Windows systems
[32.942s] DEBUG:colcon.colcon_core.shell:Skip shell extension 'dsv' for command environment
[34.852s] DEBUG:colcon.colcon_core.event_handler.log_command:Invoking command in '/home/pi/mpu6050ws/build/mpu': /usr/bin/cmake --build /home/pi/mpu6050ws/build/mpu -- -j1 -l1
[435.225s] DEBUG:colcon.colcon_core.event_handler.log_command:Invoked command in '/home/pi/mpu6050ws/build/mpu' returned '0': /usr/bin/cmake --build /home/pi/mpu6050ws/build/mpu -- -j1 -l1
[437.418s] DEBUG:colcon.colcon_core.event_handler.log_command:Invoking command in '/home/pi/mpu6050ws/build/mpu': /usr/bin/cmake --install /home/pi/mpu6050ws/build/mpu
[438.298s] DEBUG:colcon.colcon_core.event_handler.log_command:Invoked command in '/home/pi/mpu6050ws/build/mpu' returned '0': /usr/bin/cmake --install /home/pi/mpu6050ws/build/mpu
[438.415s] Level 1:colcon.colcon_core.environment:create_environment_scripts_only(mpu)
[440.471s] Level 1:colcon.colcon_core.environment:checking '/home/pi/mpu6050ws/install/mpu' for CMake module files
[440.536s] Level 1:colcon.colcon_core.environment:checking '/home/pi/mpu6050ws/install/mpu' for CMake config files
[440.590s] Level 1:colcon.colcon_core.shell:create_environment_hook('mpu', 'cmake_prefix_path')
[441.031s] INFO:colcon.colcon_core.shell:Creating environment descriptor '/home/pi/mpu6050ws/install/mpu/share/mpu/hook/cmake_prefix_path.dsv'
[441.299s] INFO:colcon.colcon_core.shell:Creating environment hook '/home/pi/mpu6050ws/install/mpu/share/mpu/hook/cmake_prefix_path.sh'
[441.450s] Level 1:colcon.colcon_core.environment:checking '/home/pi/mpu6050ws/install/mpu/lib'
[441.463s] Level 1:colcon.colcon_core.environment:checking '/home/pi/mpu6050ws/install/mpu/bin'
[441.467s] Level 1:colcon.colcon_core.environment:checking '/home/pi/mpu6050ws/install/mpu/lib/pkgconfig/mpu.pc'
[441.627s] Level 1:colcon.colcon_core.environment:checking '/home/pi/mpu6050ws/install/mpu/lib/python3.7/site-packages'
[441.636s] Level 1:colcon.colcon_core.environment:checking '/home/pi/mpu6050ws/install/mpu/bin'
[441.956s] INFO:colcon.colcon_core.shell:Creating package descriptor '/home/pi/mpu6050ws/install/mpu/share/mpu/package.dsv'
[442.014s] INFO:colcon.colcon_core.shell:Creating package script '/home/pi/mpu6050ws/install/mpu/share/mpu/package.sh'
[442.078s] Level 1:colcon.colcon_core.environment:create_file_with_runtime_dependencies(/home/pi/mpu6050ws/install/mpu/share/colcon-core/packages/mpu)
[443.417s] Level 1:colcon.colcon_core.environment:create_environment_scripts_only(mpu)
[444.320s] Level 1:colcon.colcon_core.environment:checking '/home/pi/mpu6050ws/install/mpu' for CMake module files
[444.358s] Level 1:colcon.colcon_core.environment:checking '/home/pi/mpu6050ws/install/mpu' for CMake config files
[444.371s] Level 1:colcon.colcon_core.shell:create_environment_hook('mpu', 'cmake_prefix_path')
[444.745s] INFO:colcon.colcon_core.shell:Creating environment descriptor '/home/pi/mpu6050ws/install/mpu/share/mpu/hook/cmake_prefix_path.dsv'
[444.767s] INFO:colcon.colcon_core.shell:Creating environment hook '/home/pi/mpu6050ws/install/mpu/share/mpu/hook/cmake_prefix_path.sh'
[444.794s] Level 1:colcon.colcon_core.environment:checking '/home/pi/mpu6050ws/install/mpu/lib'
[444.799s] Level 1:colcon.colcon_core.environment:checking '/home/pi/mpu6050ws/install/mpu/bin'
[444.804s] Level 1:colcon.colcon_core.environment:checking '/home/pi/mpu6050ws/install/mpu/lib/pkgconfig/mpu.pc'
[444.817s] Level 1:colcon.colcon_core.environment:checking '/home/pi/mpu6050ws/install/mpu/lib/python3.7/site-packages'
[444.828s] Level 1:colcon.colcon_core.environment:checking '/home/pi/mpu6050ws/install/mpu/bin'
[445.256s] INFO:colcon.colcon_core.shell:Creating package descriptor '/home/pi/mpu6050ws/install/mpu/share/mpu/package.dsv'
[445.281s] INFO:colcon.colcon_core.shell:Creating package script '/home/pi/mpu6050ws/install/mpu/share/mpu/package.sh'
[445.327s] Level 1:colcon.colcon_core.environment:create_file_with_runtime_dependencies(/home/pi/mpu6050ws/install/mpu/share/colcon-core/packages/mpu)
[445.364s] DEBUG:colcon.colcon_core.executor.sequential:run_until_complete 'mpu' finished with '0'
[445.376s] DEBUG:colcon.colcon_core.executor.sequential:closing loop
[445.455s] DEBUG:colcon.colcon_core.executor.sequential:loop closed
[445.530s] DEBUG:colcon.colcon_core.event_reactor:joining thread
[445.621s] DEBUG:colcon.colcon_core.event_reactor:joined thread
[445.985s] INFO:colcon.colcon_core.shell:Creating prefix script '/home/pi/mpu6050ws/install/local_setup.sh'
[446.026s] INFO:colcon.colcon_core.shell:Creating prefix util module '/home/pi/mpu6050ws/install/_local_setup_util_sh.py'
[446.280s] INFO:colcon.colcon_core.shell:Creating prefix chain script '/home/pi/mpu6050ws/install/setup.sh'
