[23.553s] DEBUG:colcon:Command line arguments: ['/home/pi/.local/bin/colcon', 'build']
[23.557s] DEBUG:colcon:Parsed command line arguments: Namespace(ament_cmake_args=None, base_paths=['.'], build_base='build', catkin_cmake_args=None, catkin_skip_building_tests=False, cmake_args=None, cmake_clean_cache=False, cmake_clean_first=False, cmake_force_configure=False, cmake_target=None, cmake_target_skip_unavailable=False, continue_on_error=False, event_handlers=None, executor='sequential', install_base='install', log_base=None, log_level=None, main=<bound method BuildVerb.main of <colcon_core.verb.build.BuildVerb object at 0xb5cd6a50>>, merge_install=False, paths=None, symlink_install=False, test_result_base=None, verb_extension=<colcon_core.verb.build.BuildVerb object at 0xb5cd6a50>, verb_name='build', verb_parser=CustomArgumentParser(prog='colcon build', usage=None, description='Build a set of packages.', formatter_class=<class 'colcon_core.command.CustomFormatter'>, conflict_handler='error', add_help=True))
[25.990s] Level 1:colcon.colcon_core.package_discovery:discover_packages(recursive) check parameters
[25.993s] Level 1:colcon.colcon_core.package_discovery:discover_packages(path) check parameters
[25.995s] Level 1:colcon.colcon_core.package_discovery:discover_packages(recursive) discover
[26.000s] INFO:colcon.colcon_core.package_discovery:Crawling recursively for packages in '/home/pi/mpu6050ws'
[26.005s] Level 1:colcon.colcon_core.package_identification:_identify(.) by extensions ['ignore', 'ignore_ament_install']
[26.011s] Level 1:colcon.colcon_core.package_identification:_identify(.) by extension 'ignore'
[26.015s] Level 1:colcon.colcon_core.package_identification:_identify(.) by extension 'ignore_ament_install'
[26.020s] Level 1:colcon.colcon_core.package_identification:_identify(.) by extensions ['ros']
[26.023s] Level 1:colcon.colcon_core.package_identification:_identify(.) by extension 'ros'
[27.382s] Level 1:colcon.colcon_core.package_identification:_identify(.) by extensions ['cmake', 'python']
[27.385s] Level 1:colcon.colcon_core.package_identification:_identify(.) by extension 'cmake'
[27.389s] Level 1:colcon.colcon_core.package_identification:_identify(.) by extension 'python'
[27.394s] Level 1:colcon.colcon_core.package_identification:_identify(.) by extensions ['python_setup_py']
[27.397s] Level 1:colcon.colcon_core.package_identification:_identify(.) by extension 'python_setup_py'
[27.404s] Level 1:colcon.colcon_core.package_identification:_identify(build) by extensions ['ignore', 'ignore_ament_install']
[27.411s] Level 1:colcon.colcon_core.package_identification:_identify(build) by extension 'ignore'
[27.414s] Level 1:colcon.colcon_core.package_identification:_identify(build) ignored
[27.422s] Level 1:colcon.colcon_core.package_identification:_identify(install) by extensions ['ignore', 'ignore_ament_install']
[27.428s] Level 1:colcon.colcon_core.package_identification:_identify(install) by extension 'ignore'
[27.431s] Level 1:colcon.colcon_core.package_identification:_identify(install) ignored
[27.438s] Level 1:colcon.colcon_core.package_identification:_identify(log) by extensions ['ignore', 'ignore_ament_install']
[27.444s] Level 1:colcon.colcon_core.package_identification:_identify(log) by extension 'ignore'
[27.447s] Level 1:colcon.colcon_core.package_identification:_identify(log) ignored
[27.453s] Level 1:colcon.colcon_core.package_identification:_identify(src) by extensions ['ignore', 'ignore_ament_install']
[27.459s] Level 1:colcon.colcon_core.package_identification:_identify(src) by extension 'ignore'
[27.463s] Level 1:colcon.colcon_core.package_identification:_identify(src) by extension 'ignore_ament_install'
[27.468s] Level 1:colcon.colcon_core.package_identification:_identify(src) by extensions ['ros']
[27.471s] Level 1:colcon.colcon_core.package_identification:_identify(src) by extension 'ros'
[27.478s] Level 1:colcon.colcon_core.package_identification:_identify(src) by extensions ['cmake', 'python']
[27.481s] Level 1:colcon.colcon_core.package_identification:_identify(src) by extension 'cmake'
[27.485s] Level 1:colcon.colcon_core.package_identification:_identify(src) by extension 'python'
[27.490s] Level 1:colcon.colcon_core.package_identification:_identify(src) by extensions ['python_setup_py']
[27.493s] Level 1:colcon.colcon_core.package_identification:_identify(src) by extension 'python_setup_py'
[27.501s] Level 1:colcon.colcon_core.package_identification:_identify(src/mpu) by extensions ['ignore', 'ignore_ament_install']
[27.507s] Level 1:colcon.colcon_core.package_identification:_identify(src/mpu) by extension 'ignore'
[27.511s] Level 1:colcon.colcon_core.package_identification:_identify(src/mpu) by extension 'ignore_ament_install'
[27.516s] Level 1:colcon.colcon_core.package_identification:_identify(src/mpu) by extensions ['ros']
[27.519s] Level 1:colcon.colcon_core.package_identification:_identify(src/mpu) by extension 'ros'
[27.694s] DEBUG:colcon.colcon_core.package_identification:Package 'src/mpu' with type 'ros.ament_cmake' and name 'mpu'
[27.697s] Level 1:colcon.colcon_core.package_discovery:discover_packages(recursive) using defaults
[27.731s] Level 1:colcon.colcon_core.package_discovery:discover_packages(path) discover
[27.734s] Level 1:colcon.colcon_core.package_discovery:discover_packages(path) using defaults
[30.743s] Level 5:colcon.colcon_core.verb:set package 'mpu' build argument 'cmake_args' from command line to 'None'
[30.746s] Level 5:colcon.colcon_core.verb:set package 'mpu' build argument 'cmake_target' from command line to 'None'
[30.748s] Level 5:colcon.colcon_core.verb:set package 'mpu' build argument 'cmake_target_skip_unavailable' from command line to 'False'
[30.749s] Level 5:colcon.colcon_core.verb:set package 'mpu' build argument 'cmake_clean_cache' from command line to 'False'
[30.752s] Level 5:colcon.colcon_core.verb:set package 'mpu' build argument 'cmake_clean_first' from command line to 'False'
[30.753s] Level 5:colcon.colcon_core.verb:set package 'mpu' build argument 'cmake_force_configure' from command line to 'False'
[30.755s] Level 5:colcon.colcon_core.verb:set package 'mpu' build argument 'ament_cmake_args' from command line to 'None'
[30.757s] Level 5:colcon.colcon_core.verb:set package 'mpu' build argument 'catkin_cmake_args' from command line to 'None'
[30.759s] Level 5:colcon.colcon_core.verb:set package 'mpu' build argument 'catkin_skip_building_tests' from command line to 'False'
[30.762s] DEBUG:colcon.colcon_core.verb:Building package 'mpu' with the following arguments: {'ament_cmake_args': None, 'build_base': '/home/pi/mpu6050ws/build/mpu', 'catkin_cmake_args': None, 'catkin_skip_building_tests': False, 'cmake_args': None, 'cmake_clean_cache': False, 'cmake_clean_first': False, 'cmake_force_configure': False, 'cmake_target': None, 'cmake_target_skip_unavailable': False, 'install_base': '/home/pi/mpu6050ws/install/mpu', 'merge_install': False, 'path': '/home/pi/mpu6050ws/src/mpu', 'symlink_install': False, 'test_result_base': None}
[30.870s] INFO:colcon.colcon_core.executor:Executing jobs using 'sequential' executor
[31.324s] DEBUG:colcon.colcon_core.executor.sequential:run_until_complete 'mpu'
[31.328s] INFO:colcon.colcon_ros.task.ament_cmake.build:Building ROS package in '/home/pi/mpu6050ws/src/mpu' with build type 'ament_cmake'
[31.340s] INFO:colcon.colcon_cmake.task.cmake.build:Building CMake package in '/home/pi/mpu6050ws/src/mpu'
[31.804s] INFO:colcon.colcon_core.plugin_system:Skipping extension 'colcon_core.shell.bat': Not used on non-Windows systems
[31.815s] DEBUG:colcon.colcon_core.shell:Skip shell extension 'dsv' for command environment
[34.059s] DEBUG:colcon.colcon_core.event_handler.log_command:Invoking command in '/home/pi/mpu6050ws/build/mpu': /usr/bin/cmake --build /home/pi/mpu6050ws/build/mpu -- -j1 -l1
[237.440s] DEBUG:colcon.colcon_core.event_handler.log_command:Invoked command in '/home/pi/mpu6050ws/build/mpu' returned '2': /usr/bin/cmake --build /home/pi/mpu6050ws/build/mpu -- -j1 -l1
[240.862s] Level 1:colcon.colcon_core.environment:create_environment_scripts_only(mpu)
[242.206s] Level 1:colcon.colcon_core.environment:checking '/home/pi/mpu6050ws/install/mpu' for CMake module files
[242.297s] Level 1:colcon.colcon_core.environment:checking '/home/pi/mpu6050ws/install/mpu' for CMake config files
[242.354s] Level 1:colcon.colcon_core.shell:create_environment_hook('mpu', 'cmake_prefix_path')
[242.777s] INFO:colcon.colcon_core.shell:Creating environment descriptor '/home/pi/mpu6050ws/install/mpu/share/mpu/hook/cmake_prefix_path.dsv'
[243.014s] INFO:colcon.colcon_core.shell:Creating environment hook '/home/pi/mpu6050ws/install/mpu/share/mpu/hook/cmake_prefix_path.sh'
[243.250s] Level 1:colcon.colcon_core.environment:checking '/home/pi/mpu6050ws/install/mpu/lib'
[243.268s] Level 1:colcon.colcon_core.environment:checking '/home/pi/mpu6050ws/install/mpu/bin'
[243.293s] Level 1:colcon.colcon_core.environment:checking '/home/pi/mpu6050ws/install/mpu/lib/pkgconfig/mpu.pc'
[243.447s] Level 1:colcon.colcon_core.environment:checking '/home/pi/mpu6050ws/install/mpu/lib/python3.7/site-packages'
[243.456s] Level 1:colcon.colcon_core.environment:checking '/home/pi/mpu6050ws/install/mpu/bin'
[243.772s] INFO:colcon.colcon_core.shell:Creating package descriptor '/home/pi/mpu6050ws/install/mpu/share/mpu/package.dsv'
[243.814s] INFO:colcon.colcon_core.shell:Creating package script '/home/pi/mpu6050ws/install/mpu/share/mpu/package.sh'
[243.879s] Level 1:colcon.colcon_core.environment:create_file_with_runtime_dependencies(/home/pi/mpu6050ws/install/mpu/share/colcon-core/packages/mpu)
[243.992s] DEBUG:colcon.colcon_core.executor.sequential:run_until_complete 'mpu' finished with '2'
[243.994s] DEBUG:colcon.colcon_core.executor.sequential:closing loop
[244.065s] DEBUG:colcon.colcon_core.executor.sequential:loop closed
[244.090s] DEBUG:colcon.colcon_core.event_reactor:joining thread
[244.126s] DEBUG:colcon.colcon_core.event_reactor:joined thread
[244.531s] INFO:colcon.colcon_core.shell:Creating prefix script '/home/pi/mpu6050ws/install/local_setup.sh'
[244.579s] INFO:colcon.colcon_core.shell:Creating prefix util module '/home/pi/mpu6050ws/install/_local_setup_util_sh.py'
[244.741s] INFO:colcon.colcon_core.shell:Creating prefix chain script '/home/pi/mpu6050ws/install/setup.sh'
