[23.527s] DEBUG:colcon:Command line arguments: ['/home/pi/.local/bin/colcon', 'build']
[23.530s] DEBUG:colcon:Parsed command line arguments: Namespace(ament_cmake_args=None, base_paths=['.'], build_base='build', catkin_cmake_args=None, catkin_skip_building_tests=False, cmake_args=None, cmake_clean_cache=False, cmake_clean_first=False, cmake_force_configure=False, cmake_target=None, cmake_target_skip_unavailable=False, continue_on_error=False, event_handlers=None, executor='sequential', install_base='install', log_base=None, log_level=None, main=<bound method BuildVerb.main of <colcon_core.verb.build.BuildVerb object at 0xb5c76cd0>>, merge_install=False, paths=None, symlink_install=False, test_result_base=None, verb_extension=<colcon_core.verb.build.BuildVerb object at 0xb5c76cd0>, verb_name='build', verb_parser=CustomArgumentParser(prog='colcon build', usage=None, description='Build a set of packages.', formatter_class=<class 'colcon_core.command.CustomFormatter'>, conflict_handler='error', add_help=True))
[25.854s] Level 1:colcon.colcon_core.package_discovery:discover_packages(recursive) check parameters
[25.856s] Level 1:colcon.colcon_core.package_discovery:discover_packages(path) check parameters
[25.858s] Level 1:colcon.colcon_core.package_discovery:discover_packages(recursive) discover
[25.862s] INFO:colcon.colcon_core.package_discovery:Crawling recursively for packages in '/home/pi/mpu6050ws'
[25.865s] Level 1:colcon.colcon_core.package_identification:_identify(.) by extensions ['ignore', 'ignore_ament_install']
[25.870s] Level 1:colcon.colcon_core.package_identification:_identify(.) by extension 'ignore'
[25.873s] Level 1:colcon.colcon_core.package_identification:_identify(.) by extension 'ignore_ament_install'
[25.878s] Level 1:colcon.colcon_core.package_identification:_identify(.) by extensions ['ros']
[25.880s] Level 1:colcon.colcon_core.package_identification:_identify(.) by extension 'ros'
[27.401s] Level 1:colcon.colcon_core.package_identification:_identify(.) by extensions ['cmake', 'python']
[27.404s] Level 1:colcon.colcon_core.package_identification:_identify(.) by extension 'cmake'
[27.407s] Level 1:colcon.colcon_core.package_identification:_identify(.) by extension 'python'
[27.410s] Level 1:colcon.colcon_core.package_identification:_identify(.) by extensions ['python_setup_py']
[27.412s] Level 1:colcon.colcon_core.package_identification:_identify(.) by extension 'python_setup_py'
[27.418s] Level 1:colcon.colcon_core.package_identification:_identify(build) by extensions ['ignore', 'ignore_ament_install']
[27.422s] Level 1:colcon.colcon_core.package_identification:_identify(build) by extension 'ignore'
[27.425s] Level 1:colcon.colcon_core.package_identification:_identify(build) ignored
[27.431s] Level 1:colcon.colcon_core.package_identification:_identify(install) by extensions ['ignore', 'ignore_ament_install']
[27.435s] Level 1:colcon.colcon_core.package_identification:_identify(install) by extension 'ignore'
[27.438s] Level 1:colcon.colcon_core.package_identification:_identify(install) ignored
[27.443s] Level 1:colcon.colcon_core.package_identification:_identify(log) by extensions ['ignore', 'ignore_ament_install']
[27.448s] Level 1:colcon.colcon_core.package_identification:_identify(log) by extension 'ignore'
[27.451s] Level 1:colcon.colcon_core.package_identification:_identify(log) ignored
[27.455s] Level 1:colcon.colcon_core.package_identification:_identify(src) by extensions ['ignore', 'ignore_ament_install']
[27.460s] Level 1:colcon.colcon_core.package_identification:_identify(src) by extension 'ignore'
[27.463s] Level 1:colcon.colcon_core.package_identification:_identify(src) by extension 'ignore_ament_install'
[27.467s] Level 1:colcon.colcon_core.package_identification:_identify(src) by extensions ['ros']
[27.469s] Level 1:colcon.colcon_core.package_identification:_identify(src) by extension 'ros'
[27.474s] Level 1:colcon.colcon_core.package_identification:_identify(src) by extensions ['cmake', 'python']
[27.477s] Level 1:colcon.colcon_core.package_identification:_identify(src) by extension 'cmake'
[27.480s] Level 1:colcon.colcon_core.package_identification:_identify(src) by extension 'python'
[27.483s] Level 1:colcon.colcon_core.package_identification:_identify(src) by extensions ['python_setup_py']
[27.485s] Level 1:colcon.colcon_core.package_identification:_identify(src) by extension 'python_setup_py'
[27.491s] Level 1:colcon.colcon_core.package_identification:_identify(src/mpu) by extensions ['ignore', 'ignore_ament_install']
[27.495s] Level 1:colcon.colcon_core.package_identification:_identify(src/mpu) by extension 'ignore'
[27.499s] Level 1:colcon.colcon_core.package_identification:_identify(src/mpu) by extension 'ignore_ament_install'
[27.502s] Level 1:colcon.colcon_core.package_identification:_identify(src/mpu) by extensions ['ros']
[27.504s] Level 1:colcon.colcon_core.package_identification:_identify(src/mpu) by extension 'ros'
[27.636s] DEBUG:colcon.colcon_core.package_identification:Package 'src/mpu' with type 'ros.ament_cmake' and name 'mpu'
[27.638s] Level 1:colcon.colcon_core.package_discovery:discover_packages(recursive) using defaults
[27.642s] Level 1:colcon.colcon_core.package_discovery:discover_packages(path) discover
[27.644s] Level 1:colcon.colcon_core.package_discovery:discover_packages(path) using defaults
[30.529s] Level 5:colcon.colcon_core.verb:set package 'mpu' build argument 'cmake_args' from command line to 'None'
[30.532s] Level 5:colcon.colcon_core.verb:set package 'mpu' build argument 'cmake_target' from command line to 'None'
[30.535s] Level 5:colcon.colcon_core.verb:set package 'mpu' build argument 'cmake_target_skip_unavailable' from command line to 'False'
[30.537s] Level 5:colcon.colcon_core.verb:set package 'mpu' build argument 'cmake_clean_cache' from command line to 'False'
[30.540s] Level 5:colcon.colcon_core.verb:set package 'mpu' build argument 'cmake_clean_first' from command line to 'False'
[30.542s] Level 5:colcon.colcon_core.verb:set package 'mpu' build argument 'cmake_force_configure' from command line to 'False'
[30.545s] Level 5:colcon.colcon_core.verb:set package 'mpu' build argument 'ament_cmake_args' from command line to 'None'
[30.548s] Level 5:colcon.colcon_core.verb:set package 'mpu' build argument 'catkin_cmake_args' from command line to 'None'
[30.550s] Level 5:colcon.colcon_core.verb:set package 'mpu' build argument 'catkin_skip_building_tests' from command line to 'False'
[30.553s] DEBUG:colcon.colcon_core.verb:Building package 'mpu' with the following arguments: {'ament_cmake_args': None, 'build_base': '/home/pi/mpu6050ws/build/mpu', 'catkin_cmake_args': None, 'catkin_skip_building_tests': False, 'cmake_args': None, 'cmake_clean_cache': False, 'cmake_clean_first': False, 'cmake_force_configure': False, 'cmake_target': None, 'cmake_target_skip_unavailable': False, 'install_base': '/home/pi/mpu6050ws/install/mpu', 'merge_install': False, 'path': '/home/pi/mpu6050ws/src/mpu', 'symlink_install': False, 'test_result_base': None}
[30.692s] INFO:colcon.colcon_core.executor:Executing jobs using 'sequential' executor
[31.192s] DEBUG:colcon.colcon_core.executor.sequential:run_until_complete 'mpu'
[31.196s] INFO:colcon.colcon_ros.task.ament_cmake.build:Building ROS package in '/home/pi/mpu6050ws/src/mpu' with build type 'ament_cmake'
[31.300s] INFO:colcon.colcon_cmake.task.cmake.build:Building CMake package in '/home/pi/mpu6050ws/src/mpu'
[31.652s] INFO:colcon.colcon_core.plugin_system:Skipping extension 'colcon_core.shell.bat': Not used on non-Windows systems
[31.660s] DEBUG:colcon.colcon_core.shell:Skip shell extension 'dsv' for command environment
[33.399s] DEBUG:colcon.colcon_core.event_handler.log_command:Invoking command in '/home/pi/mpu6050ws/build/mpu': /usr/bin/cmake --build /home/pi/mpu6050ws/build/mpu -- -j1 -l1
[397.756s] DEBUG:colcon.colcon_core.event_handler.log_command:Invoked command in '/home/pi/mpu6050ws/build/mpu' returned '0': /usr/bin/cmake --build /home/pi/mpu6050ws/build/mpu -- -j1 -l1
[399.823s] DEBUG:colcon.colcon_core.event_handler.log_command:Invoking command in '/home/pi/mpu6050ws/build/mpu': /usr/bin/cmake --install /home/pi/mpu6050ws/build/mpu
[400.707s] DEBUG:colcon.colcon_core.event_handler.log_command:Invoked command in '/home/pi/mpu6050ws/build/mpu' returned '0': /usr/bin/cmake --install /home/pi/mpu6050ws/build/mpu
[400.857s] Level 1:colcon.colcon_core.environment:create_environment_scripts_only(mpu)
[402.759s] Level 1:colcon.colcon_core.environment:checking '/home/pi/mpu6050ws/install/mpu' for CMake module files
[402.840s] Level 1:colcon.colcon_core.environment:checking '/home/pi/mpu6050ws/install/mpu' for CMake config files
[402.876s] Level 1:colcon.colcon_core.shell:create_environment_hook('mpu', 'cmake_prefix_path')
[403.334s] INFO:colcon.colcon_core.shell:Creating environment descriptor '/home/pi/mpu6050ws/install/mpu/share/mpu/hook/cmake_prefix_path.dsv'
[403.591s] INFO:colcon.colcon_core.shell:Creating environment hook '/home/pi/mpu6050ws/install/mpu/share/mpu/hook/cmake_prefix_path.sh'
[403.757s] Level 1:colcon.colcon_core.environment:checking '/home/pi/mpu6050ws/install/mpu/lib'
[403.769s] Level 1:colcon.colcon_core.environment:checking '/home/pi/mpu6050ws/install/mpu/bin'
[403.773s] Level 1:colcon.colcon_core.environment:checking '/home/pi/mpu6050ws/install/mpu/lib/pkgconfig/mpu.pc'
[403.937s] Level 1:colcon.colcon_core.environment:checking '/home/pi/mpu6050ws/install/mpu/lib/python3.7/site-packages'
[403.946s] Level 1:colcon.colcon_core.environment:checking '/home/pi/mpu6050ws/install/mpu/bin'
[404.277s] INFO:colcon.colcon_core.shell:Creating package descriptor '/home/pi/mpu6050ws/install/mpu/share/mpu/package.dsv'
[404.325s] INFO:colcon.colcon_core.shell:Creating package script '/home/pi/mpu6050ws/install/mpu/share/mpu/package.sh'
[404.396s] Level 1:colcon.colcon_core.environment:create_file_with_runtime_dependencies(/home/pi/mpu6050ws/install/mpu/share/colcon-core/packages/mpu)
[405.865s] Level 1:colcon.colcon_core.environment:create_environment_scripts_only(mpu)
[406.620s] Level 1:colcon.colcon_core.environment:checking '/home/pi/mpu6050ws/install/mpu' for CMake module files
[406.654s] Level 1:colcon.colcon_core.environment:checking '/home/pi/mpu6050ws/install/mpu' for CMake config files
[406.668s] Level 1:colcon.colcon_core.shell:create_environment_hook('mpu', 'cmake_prefix_path')
[407.027s] INFO:colcon.colcon_core.shell:Creating environment descriptor '/home/pi/mpu6050ws/install/mpu/share/mpu/hook/cmake_prefix_path.dsv'
[407.048s] INFO:colcon.colcon_core.shell:Creating environment hook '/home/pi/mpu6050ws/install/mpu/share/mpu/hook/cmake_prefix_path.sh'
[407.090s] Level 1:colcon.colcon_core.environment:checking '/home/pi/mpu6050ws/install/mpu/lib'
[407.094s] Level 1:colcon.colcon_core.environment:checking '/home/pi/mpu6050ws/install/mpu/bin'
[407.100s] Level 1:colcon.colcon_core.environment:checking '/home/pi/mpu6050ws/install/mpu/lib/pkgconfig/mpu.pc'
[407.112s] Level 1:colcon.colcon_core.environment:checking '/home/pi/mpu6050ws/install/mpu/lib/python3.7/site-packages'
[407.123s] Level 1:colcon.colcon_core.environment:checking '/home/pi/mpu6050ws/install/mpu/bin'
[407.545s] INFO:colcon.colcon_core.shell:Creating package descriptor '/home/pi/mpu6050ws/install/mpu/share/mpu/package.dsv'
[407.569s] INFO:colcon.colcon_core.shell:Creating package script '/home/pi/mpu6050ws/install/mpu/share/mpu/package.sh'
[407.596s] Level 1:colcon.colcon_core.environment:create_file_with_runtime_dependencies(/home/pi/mpu6050ws/install/mpu/share/colcon-core/packages/mpu)
[407.643s] DEBUG:colcon.colcon_core.executor.sequential:run_until_complete 'mpu' finished with '0'
[407.655s] DEBUG:colcon.colcon_core.executor.sequential:closing loop
[407.723s] DEBUG:colcon.colcon_core.executor.sequential:loop closed
[407.752s] DEBUG:colcon.colcon_core.event_reactor:joining thread
[407.780s] DEBUG:colcon.colcon_core.event_reactor:joined thread
[408.149s] INFO:colcon.colcon_core.shell:Creating prefix script '/home/pi/mpu6050ws/install/local_setup.sh'
[408.182s] INFO:colcon.colcon_core.shell:Creating prefix util module '/home/pi/mpu6050ws/install/_local_setup_util_sh.py'
[408.299s] INFO:colcon.colcon_core.shell:Creating prefix chain script '/home/pi/mpu6050ws/install/setup.sh'
